2013/05/29 15:54:02 [error] [exception.CDbException] exception 'CDbException' with message 'CDbConnection.connectionString cannot be empty.' in Z:\home\site.loc\yii\db\CDbConnection.php:369
Stack trace:
#0 Z:\home\site.loc\yii\db\CDbConnection.php(330): CDbConnection->open()
#1 Z:\home\site.loc\yii\db\CDbConnection.php(308): CDbConnection->setActive(true)
#2 Z:\home\site.loc\yii\base\CModule.php(387): CDbConnection->init()
#3 Z:\home\site.loc\yii\web\auth\CDbAuthManager.php(589): CModule->getComponent('db')
#4 Z:\home\site.loc\yii\web\auth\CDbAuthManager.php(59): CDbAuthManager->getDbConnection()
#5 Z:\home\site.loc\yii\base\CModule.php(387): CDbAuthManager->init()
#6 Z:\home\site.loc\yii\web\CWebApplication.php(185): CModule->getComponent('authManager')
#7 Z:\home\site.loc\yii\web\auth\CWebUser.php(806): CWebApplication->getAuthManager()
#8 Z:\home\site.loc\public_html\protected\modules\rights\components\RWebUser.php(43): CWebUser->checkAccess('user', Array, true)
#9 Z:\home\site.loc\public_html\protected\views\layouts\main.php(48): RWebUser->checkAccess('user')
#10 Z:\home\site.loc\yii\web\CBaseController.php(126): require('Z:\home\site.lo...')
#11 Z:\home\site.loc\public_html\protected\extensions\yii-debug-toolbar\components\YiiDebugViewRenderer.php(43): CBaseController->renderInternal('Z:\home\site.lo...', Array, true)
#12 Z:\home\site.loc\yii\web\CBaseController.php(93): YiiDebugViewRenderer->renderFile(Object(SiteController), 'Z:\home\site.lo...', Array, true)
#13 Z:\home\site.loc\yii\web\widgets\CContentDecorator.php(76): CBaseController->renderFile('Z:\home\site.lo...', Array, true)
#14 Z:\home\site.loc\yii\web\widgets\CContentDecorator.php(54): CContentDecorator->decorate('<div id="conten...')
#15 Z:\home\site.loc\yii\web\widgets\COutputProcessor.php(44): CContentDecorator->processOutput('<div id="conten...')
#16 Z:\home\site.loc\yii\web\CBaseController.php(206): COutputProcessor->run()
#17 Z:\home\site.loc\yii\web\CBaseController.php(300): CBaseController->endWidget('CContentDecorat...')
#18 Z:\home\site.loc\public_html\protected\views\layouts\column1.php(6): CBaseController->endContent()
#19 Z:\home\site.loc\yii\web\CBaseController.php(126): require('Z:\home\site.lo...')
#20 Z:\home\site.loc\public_html\protected\extensions\yii-debug-toolbar\components\YiiDebugViewRenderer.php(43): CBaseController->renderInternal('Z:\home\site.lo...', Array, true)
#21 Z:\home\site.loc\yii\web\CBaseController.php(93): YiiDebugViewRenderer->renderFile(Object(SiteController), 'Z:\home\site.lo...', Array, true)
#22 Z:\home\site.loc\yii\web\CController.php(784): CBaseController->renderFile('Z:\home\site.lo...', Array, true)
#23 Z:\home\site.loc\public_html\protected\controllers\SiteController.php(32): CController->render('index')
#24 Z:\home\site.loc\yii\web\actions\CInlineAction.php(49): SiteController->actionIndex()
#25 Z:\home\site.loc\yii\web\CController.php(308): CInlineAction->runWithParams(Array)
#26 Z:\home\site.loc\yii\web\CController.php(286): CController->runAction(Object(CInlineAction))
#27 Z:\home\site.loc\yii\web\CController.php(265): CController->runActionWithFilters(Object(CInlineAction), Array)
#28 Z:\home\site.loc\yii\web\CWebApplication.php(282): CController->run('')
#29 Z:\home\site.loc\yii\web\CWebApplication.php(141): CWebApplication->runController('')
#30 Z:\home\site.loc\yii\base\CApplication.php(169): CWebApplication->processRequest()
#31 Z:\home\site.loc\public_html\index.php(13): CApplication->run()
#32 {main}
REQUEST_URI=/index.php
---
2013/05/29 15:56:23 [error] [exception.CHttpException.404] exception 'CHttpException' with message 'Невозможно обработать запрос "admin/cityuser".' in Z:\home\site.loc\yii\web\CWebApplication.php:286
Stack trace:
#0 Z:\home\site.loc\yii\web\CWebApplication.php(141): CWebApplication->runController('admin/cityuser')
#1 Z:\home\site.loc\yii\base\CApplication.php(169): CWebApplication->processRequest()
#2 Z:\home\site.loc\public_html\index.php(13): CApplication->run()
#3 {main}
REQUEST_URI=/admin/cityuser
HTTP_REFERER=http://www.site.loc/
---
2013/05/29 15:57:44 [error] [system.db.CDbCommand] Не удалось выполнить CDbCommand::fetchAll(): SQLSTATE[42S02]: Base table or view not found: 1146 Table 'blog.authassignment' doesn't exist. Выполнявшийся SQL-запрос: SELECT *
FROM `AuthAssignment`
WHERE userid=:userid. Bound with :userid=NULL.
in Z:\home\site.loc\public_html\protected\modules\rights\components\RWebUser.php (43)
in Z:\home\site.loc\public_html\protected\views\layouts\main.php (48)
in Z:\home\site.loc\public_html\protected\extensions\yii-debug-toolbar\components\YiiDebugViewRenderer.php (43)
2013/05/29 15:57:44 [error] [exception.CDbException] exception 'CDbException' with message 'CDbCommand не удалось исполнить SQL-запрос: SQLSTATE[42S02]: Base table or view not found: 1146 Table 'blog.authassignment' doesn't exist. The SQL statement executed was: SELECT *
FROM `AuthAssignment`
WHERE userid=:userid. Bound with :userid=NULL' in Z:\home\site.loc\yii\db\CDbCommand.php:541
Stack trace:
#0 Z:\home\site.loc\yii\db\CDbCommand.php(395): CDbCommand->queryInternal('fetchAll', Array, Array)
#1 Z:\home\site.loc\yii\web\auth\CDbAuthManager.php(337): CDbCommand->queryAll()
#2 Z:\home\site.loc\yii\web\auth\CDbAuthManager.php(74): CDbAuthManager->getAuthAssignments(NULL)
#3 Z:\home\site.loc\yii\web\auth\CWebUser.php(806): CDbAuthManager->checkAccess('user', NULL, Array)
#4 Z:\home\site.loc\public_html\protected\modules\rights\components\RWebUser.php(43): CWebUser->checkAccess('user', Array, true)
#5 Z:\home\site.loc\public_html\protected\views\layouts\main.php(48): RWebUser->checkAccess('user')
#6 Z:\home\site.loc\yii\web\CBaseController.php(126): require('Z:\home\site.lo...')
#7 Z:\home\site.loc\public_html\protected\extensions\yii-debug-toolbar\components\YiiDebugViewRenderer.php(43): CBaseController->renderInternal('Z:\home\site.lo...', Array, true)
#8 Z:\home\site.loc\yii\web\CBaseController.php(93): YiiDebugViewRenderer->renderFile(Object(LoginController), 'Z:\home\site.lo...', Array, true)
#9 Z:\home\site.loc\yii\web\widgets\CContentDecorator.php(76): CBaseController->renderFile('Z:\home\site.lo...', Array, true)
#10 Z:\home\site.loc\yii\web\widgets\CContentDecorator.php(54): CContentDecorator->decorate('<div id="conten...')
#11 Z:\home\site.loc\yii\web\widgets\COutputProcessor.php(44): CContentDecorator->processOutput('<div id="conten...')
#12 Z:\home\site.loc\yii\web\CBaseController.php(206): COutputProcessor->run()
#13 Z:\home\site.loc\yii\web\CBaseController.php(300): CBaseController->endWidget('CContentDecorat...')
#14 Z:\home\site.loc\public_html\protected\views\layouts\column1.php(6): CBaseController->endContent()
#15 Z:\home\site.loc\yii\web\CBaseController.php(126): require('Z:\home\site.lo...')
#16 Z:\home\site.loc\public_html\protected\extensions\yii-debug-toolbar\components\YiiDebugViewRenderer.php(43): CBaseController->renderInternal('Z:\home\site.lo...', Array, true)
#17 Z:\home\site.loc\yii\web\CBaseController.php(93): YiiDebugViewRenderer->renderFile(Object(LoginController), 'Z:\home\site.lo...', Array, true)
#18 Z:\home\site.loc\yii\web\CController.php(784): CBaseController->renderFile('Z:\home\site.lo...', Array, true)
#19 Z:\home\site.loc\public_html\protected\modules\user\controllers\LoginController.php(28): CController->render('/user/login', Array)
#20 Z:\home\site.loc\yii\web\actions\CInlineAction.php(49): LoginController->actionLogin()
#21 Z:\home\site.loc\yii\web\CController.php(308): CInlineAction->runWithParams(Array)
#22 Z:\home\site.loc\yii\web\CController.php(286): CController->runAction(Object(CInlineAction))
#23 Z:\home\site.loc\yii\web\CController.php(265): CController->runActionWithFilters(Object(CInlineAction), Array)
#24 Z:\home\site.loc\yii\web\CWebApplication.php(282): CController->run('')
#25 Z:\home\site.loc\yii\web\CWebApplication.php(141): CWebApplication->runController('user/login')
#26 Z:\home\site.loc\yii\base\CApplication.php(169): CWebApplication->processRequest()
#27 Z:\home\site.loc\public_html\index.php(13): CApplication->run()
#28 {main}
REQUEST_URI=/user/login
---
2013/05/29 15:57:51 [error] [system.db.CDbCommand] Не удалось выполнить CDbCommand::fetchAll(): SQLSTATE[42S02]: Base table or view not found: 1146 Table 'blog.authassignment' doesn't exist. Выполнявшийся SQL-запрос: SELECT *
FROM `AuthAssignment`
WHERE userid=:userid. Bound with :userid=NULL.
in Z:\home\site.loc\public_html\protected\modules\rights\components\RWebUser.php (43)
in Z:\home\site.loc\public_html\protected\views\layouts\main.php (48)
in Z:\home\site.loc\public_html\protected\extensions\yii-debug-toolbar\components\YiiDebugViewRenderer.php (43)
2013/05/29 15:57:51 [error] [exception.CDbException] exception 'CDbException' with message 'CDbCommand не удалось исполнить SQL-запрос: SQLSTATE[42S02]: Base table or view not found: 1146 Table 'blog.authassignment' doesn't exist. The SQL statement executed was: SELECT *
FROM `AuthAssignment`
WHERE userid=:userid. Bound with :userid=NULL' in Z:\home\site.loc\yii\db\CDbCommand.php:541
Stack trace:
#0 Z:\home\site.loc\yii\db\CDbCommand.php(395): CDbCommand->queryInternal('fetchAll', Array, Array)
#1 Z:\home\site.loc\yii\web\auth\CDbAuthManager.php(337): CDbCommand->queryAll()
#2 Z:\home\site.loc\yii\web\auth\CDbAuthManager.php(74): CDbAuthManager->getAuthAssignments(NULL)
#3 Z:\home\site.loc\yii\web\auth\CWebUser.php(806): CDbAuthManager->checkAccess('user', NULL, Array)
#4 Z:\home\site.loc\public_html\protected\modules\rights\components\RWebUser.php(43): CWebUser->checkAccess('user', Array, true)
#5 Z:\home\site.loc\public_html\protected\views\layouts\main.php(48): RWebUser->checkAccess('user')
#6 Z:\home\site.loc\yii\web\CBaseController.php(126): require('Z:\home\site.lo...')
#7 Z:\home\site.loc\public_html\protected\extensions\yii-debug-toolbar\components\YiiDebugViewRenderer.php(43): CBaseController->renderInternal('Z:\home\site.lo...', Array, true)
#8 Z:\home\site.loc\yii\web\CBaseController.php(93): YiiDebugViewRenderer->renderFile(Object(SiteController), 'Z:\home\site.lo...', Array, true)
#9 Z:\home\site.loc\yii\web\widgets\CContentDecorator.php(76): CBaseController->renderFile('Z:\home\site.lo...', Array, true)
#10 Z:\home\site.loc\yii\web\widgets\CContentDecorator.php(54): CContentDecorator->decorate('<div id="conten...')
#11 Z:\home\site.loc\yii\web\widgets\COutputProcessor.php(44): CContentDecorator->processOutput('<div id="conten...')
#12 Z:\home\site.loc\yii\web\CBaseController.php(206): COutputProcessor->run()
#13 Z:\home\site.loc\yii\web\CBaseController.php(300): CBaseController->endWidget('CContentDecorat...')
#14 Z:\home\site.loc\public_html\protected\views\layouts\column1.php(6): CBaseController->endContent()
#15 Z:\home\site.loc\yii\web\CBaseController.php(126): require('Z:\home\site.lo...')
#16 Z:\home\site.loc\public_html\protected\extensions\yii-debug-toolbar\components\YiiDebugViewRenderer.php(43): CBaseController->renderInternal('Z:\home\site.lo...', Array, true)
#17 Z:\home\site.loc\yii\web\CBaseController.php(93): YiiDebugViewRenderer->renderFile(Object(SiteController), 'Z:\home\site.lo...', Array, true)
#18 Z:\home\site.loc\yii\web\CController.php(784): CBaseController->renderFile('Z:\home\site.lo...', Array, true)
#19 Z:\home\site.loc\public_html\protected\controllers\SiteController.php(32): CController->render('index')
#20 Z:\home\site.loc\yii\web\actions\CInlineAction.php(49): SiteController->actionIndex()
#21 Z:\home\site.loc\yii\web\CController.php(308): CInlineAction->runWithParams(Array)
#22 Z:\home\site.loc\yii\web\CController.php(286): CController->runAction(Object(CInlineAction))
#23 Z:\home\site.loc\yii\web\CController.php(265): CController->runActionWithFilters(Object(CInlineAction), Array)
#24 Z:\home\site.loc\yii\web\CWebApplication.php(282): CController->run('')
#25 Z:\home\site.loc\yii\web\CWebApplication.php(141): CWebApplication->runController('')
#26 Z:\home\site.loc\yii\base\CApplication.php(169): CWebApplication->processRequest()
#27 Z:\home\site.loc\public_html\index.php(13): CApplication->run()
#28 {main}
REQUEST_URI=/
---
2013/05/29 15:57:58 [error] [system.db.CDbCommand] Не удалось выполнить CDbCommand::fetchAll(): SQLSTATE[42S02]: Base table or view not found: 1146 Table 'blog.authassignment' doesn't exist. Выполнявшийся SQL-запрос: SELECT *
FROM `AuthAssignment`
WHERE userid=:userid. Bound with :userid=NULL.
in Z:\home\site.loc\public_html\protected\modules\rights\components\RWebUser.php (43)
in Z:\home\site.loc\public_html\protected\views\layouts\main.php (48)
in Z:\home\site.loc\public_html\protected\extensions\yii-debug-toolbar\components\YiiDebugViewRenderer.php (43)
2013/05/29 15:57:58 [error] [exception.CDbException] exception 'CDbException' with message 'CDbCommand не удалось исполнить SQL-запрос: SQLSTATE[42S02]: Base table or view not found: 1146 Table 'blog.authassignment' doesn't exist. The SQL statement executed was: SELECT *
FROM `AuthAssignment`
WHERE userid=:userid. Bound with :userid=NULL' in Z:\home\site.loc\yii\db\CDbCommand.php:541
Stack trace:
#0 Z:\home\site.loc\yii\db\CDbCommand.php(395): CDbCommand->queryInternal('fetchAll', Array, Array)
#1 Z:\home\site.loc\yii\web\auth\CDbAuthManager.php(337): CDbCommand->queryAll()
#2 Z:\home\site.loc\yii\web\auth\CDbAuthManager.php(74): CDbAuthManager->getAuthAssignments(NULL)
#3 Z:\home\site.loc\yii\web\auth\CWebUser.php(806): CDbAuthManager->checkAccess('user', NULL, Array)
#4 Z:\home\site.loc\public_html\protected\modules\rights\components\RWebUser.php(43): CWebUser->checkAccess('user', Array, true)
#5 Z:\home\site.loc\public_html\protected\views\layouts\main.php(48): RWebUser->checkAccess('user')
#6 Z:\home\site.loc\yii\web\CBaseController.php(126): require('Z:\home\site.lo...')
#7 Z:\home\site.loc\public_html\protected\extensions\yii-debug-toolbar\components\YiiDebugViewRenderer.php(43): CBaseController->renderInternal('Z:\home\site.lo...', Array, true)
#8 Z:\home\site.loc\yii\web\CBaseController.php(93): YiiDebugViewRenderer->renderFile(Object(SiteController), 'Z:\home\site.lo...', Array, true)
#9 Z:\home\site.loc\yii\web\widgets\CContentDecorator.php(76): CBaseController->renderFile('Z:\home\site.lo...', Array, true)
#10 Z:\home\site.loc\yii\web\widgets\CContentDecorator.php(54): CContentDecorator->decorate('<div id="conten...')
#11 Z:\home\site.loc\yii\web\widgets\COutputProcessor.php(44): CContentDecorator->processOutput('<div id="conten...')
#12 Z:\home\site.loc\yii\web\CBaseController.php(206): COutputProcessor->run()
#13 Z:\home\site.loc\yii\web\CBaseController.php(300): CBaseController->endWidget('CContentDecorat...')
#14 Z:\home\site.loc\public_html\protected\views\layouts\column1.php(6): CBaseController->endContent()
#15 Z:\home\site.loc\yii\web\CBaseController.php(126): require('Z:\home\site.lo...')
#16 Z:\home\site.loc\public_html\protected\extensions\yii-debug-toolbar\components\YiiDebugViewRenderer.php(43): CBaseController->renderInternal('Z:\home\site.lo...', Array, true)
#17 Z:\home\site.loc\yii\web\CBaseController.php(93): YiiDebugViewRenderer->renderFile(Object(SiteController), 'Z:\home\site.lo...', Array, true)
#18 Z:\home\site.loc\yii\web\CController.php(784): CBaseController->renderFile('Z:\home\site.lo...', Array, true)
#19 Z:\home\site.loc\public_html\protected\controllers\SiteController.php(32): CController->render('index')
#20 Z:\home\site.loc\yii\web\actions\CInlineAction.php(49): SiteController->actionIndex()
#21 Z:\home\site.loc\yii\web\CController.php(308): CInlineAction->runWithParams(Array)
#22 Z:\home\site.loc\yii\web\CController.php(286): CController->runAction(Object(CInlineAction))
#23 Z:\home\site.loc\yii\web\CController.php(265): CController->runActionWithFilters(Object(CInlineAction), Array)
#24 Z:\home\site.loc\yii\web\CWebApplication.php(282): CController->run('')
#25 Z:\home\site.loc\yii\web\CWebApplication.php(141): CWebApplication->runController('')
#26 Z:\home\site.loc\yii\base\CApplication.php(169): CWebApplication->processRequest()
#27 Z:\home\site.loc\public_html\index.php(13): CApplication->run()
#28 {main}
REQUEST_URI=/
---
2013/05/29 16:11:18 [error] [system.db.CDbCommand] Не удалось выполнить CDbCommand::fetchAll(): SQLSTATE[42S02]: Base table or view not found: 1146 Table 'blog.profiles_fields' doesn't exist. Выполнявшийся SQL-запрос: SHOW FULL COLUMNS FROM `profiles_fields`.
in Z:\home\site.loc\public_html\protected\modules\user\models\ProfileField.php (39)
in Z:\home\site.loc\public_html\protected\modules\user\models\Profile.php (175)
in Z:\home\site.loc\public_html\protected\modules\user\views\user\registration.php (58)
2013/05/29 16:11:18 [error] [exception.CDbException] exception 'CDbException' with message 'Таблица "profiles_fields", упомянутая в записи active record класса "ProfileField", не найдена в базе данных.' in Z:\home\site.loc\yii\db\ar\CActiveRecord.php:2310
Stack trace:
#0 Z:\home\site.loc\yii\db\ar\CActiveRecord.php(387): CActiveRecordMetaData->__construct(Object(ProfileField))
#1 Z:\home\site.loc\public_html\protected\modules\user\models\ProfileField.php(39): CActiveRecord::model('ProfileField')
#2 Z:\home\site.loc\public_html\protected\modules\user\models\Profile.php(175): ProfileField::model()
#3 Z:\home\site.loc\public_html\protected\modules\user\views\user\registration.php(58): Profile->getFields()
#4 Z:\home\site.loc\yii\web\CBaseController.php(126): require('Z:\home\site.lo...')
#5 Z:\home\site.loc\public_html\protected\extensions\yii-debug-toolbar\components\YiiDebugViewRenderer.php(43): CBaseController->renderInternal('Z:\home\site.lo...', Array, true)
#6 Z:\home\site.loc\yii\web\CBaseController.php(93): YiiDebugViewRenderer->renderFile(Object(RegistrationController), 'Z:\home\site.lo...', Array, true)
#7 Z:\home\site.loc\yii\web\CController.php(869): CBaseController->renderFile('Z:\home\site.lo...', Array, true)
#8 Z:\home\site.loc\yii\web\CController.php(782): CController->renderPartial('/user/registrat...', Array, true)
#9 Z:\home\site.loc\public_html\protected\modules\user\controllers\RegistrationController.php(77): CController->render('/user/registrat...', Array)
#10 Z:\home\site.loc\yii\web\actions\CInlineAction.php(49): RegistrationController->actionRegistration()
#11 Z:\home\site.loc\yii\web\CController.php(308): CInlineAction->runWithParams(Array)
#12 Z:\home\site.loc\yii\web\CController.php(286): CController->runAction(Object(CInlineAction))
#13 Z:\home\site.loc\yii\web\CController.php(265): CController->runActionWithFilters(Object(CInlineAction), Array)
#14 Z:\home\site.loc\yii\web\CWebApplication.php(282): CController->run('')
#15 Z:\home\site.loc\yii\web\CWebApplication.php(141): CWebApplication->runController('user/registrati...')
#16 Z:\home\site.loc\yii\base\CApplication.php(169): CWebApplication->processRequest()
#17 Z:\home\site.loc\public_html\index.php(13): CApplication->run()
#18 {main}
REQUEST_URI=/user/registration
---
2013/05/29 16:12:08 [warning] [application] Не удалось присвоить небезопасный атрибут "verifyCode" класса "RegistrationForm".
in Z:\home\site.loc\public_html\protected\modules\user\controllers\RegistrationController.php (30)
in Z:\home\site.loc\public_html\index.php (13)
2013/05/29 16:12:09 [warning] [application] Не удалось присвоить небезопасный атрибут "verifyCode" класса "RegistrationForm".
in Z:\home\site.loc\public_html\protected\modules\user\controllers\RegistrationController.php (30)
in Z:\home\site.loc\public_html\index.php (13)
2013/05/29 23:57:44 [error] [exception.CHttpException.404] exception 'CHttpException' with message 'Невозможно обработать запрос "favicon.ico".' in Z:\home\site.loc\yii\web\CWebApplication.php:286
Stack trace:
#0 Z:\home\site.loc\yii\web\CWebApplication.php(141): CWebApplication->runController('favicon.ico')
#1 Z:\home\site.loc\yii\base\CApplication.php(169): CWebApplication->processRequest()
#2 Z:\home\site.loc\public_html\index.php(13): CApplication->run()
#3 {main}
REQUEST_URI=/favicon.ico
---
2013/05/30 00:26:00 [error] [exception.CException] exception 'CException' with message 'Не определено свойство "RWebUser.isUser".' in Z:\home\site.loc\yii\base\CComponent.php:130
Stack trace:
#0 Z:\home\site.loc\yii\web\auth\CWebUser.php(140): CComponent->__get('isUser')
#1 Z:\home\site.loc\public_html\protected\views\layouts\main.php(71): CWebUser->__get('isUser')
#2 Z:\home\site.loc\yii\web\CBaseController.php(126): require('Z:\home\site.lo...')
#3 Z:\home\site.loc\public_html\protected\extensions\yii-debug-toolbar\components\YiiDebugViewRenderer.php(43): CBaseController->renderInternal('Z:\home\site.lo...', Array, true)
#4 Z:\home\site.loc\yii\web\CBaseController.php(93): YiiDebugViewRenderer->renderFile(Object(DefaultController), 'Z:\home\site.lo...', Array, true)
#5 Z:\home\site.loc\yii\web\widgets\CContentDecorator.php(76): CBaseController->renderFile('Z:\home\site.lo...', Array, true)
#6 Z:\home\site.loc\yii\web\widgets\CContentDecorator.php(54): CContentDecorator->decorate('<div class="spa...')
#7 Z:\home\site.loc\yii\web\widgets\COutputProcessor.php(44): CContentDecorator->processOutput('<div class="spa...')
#8 Z:\home\site.loc\yii\web\CBaseController.php(206): COutputProcessor->run()
#9 Z:\home\site.loc\yii\web\CBaseController.php(300): CBaseController->endWidget('CContentDecorat...')
#10 Z:\home\site.loc\public_html\protected\views\layouts\column2.php(22): CBaseController->endContent()
#11 Z:\home\site.loc\yii\web\CBaseController.php(126): require('Z:\home\site.lo...')
#12 Z:\home\site.loc\public_html\protected\extensions\yii-debug-toolbar\components\YiiDebugViewRenderer.php(43): CBaseController->renderInternal('Z:\home\site.lo...', Array, true)
#13 Z:\home\site.loc\yii\web\CBaseController.php(93): YiiDebugViewRenderer->renderFile(Object(DefaultController), 'Z:\home\site.lo...', Array, true)
#14 Z:\home\site.loc\yii\web\CController.php(784): CBaseController->renderFile('Z:\home\site.lo...', Array, true)
#15 Z:\home\site.loc\public_html\protected\modules\user\controllers\DefaultController.php(22): CController->render('/user/index', Array)
#16 Z:\home\site.loc\yii\web\actions\CInlineAction.php(49): DefaultController->actionIndex()
#17 Z:\home\site.loc\yii\web\CController.php(308): CInlineAction->runWithParams(Array)
#18 Z:\home\site.loc\yii\web\CController.php(286): CController->runAction(Object(CInlineAction))
#19 Z:\home\site.loc\yii\web\CController.php(265): CController->runActionWithFilters(Object(CInlineAction), Array)
#20 Z:\home\site.loc\yii\web\CWebApplication.php(282): CController->run('')
#21 Z:\home\site.loc\yii\web\CWebApplication.php(141): CWebApplication->runController('user')
#22 Z:\home\site.loc\yii\base\CApplication.php(169): CWebApplication->processRequest()
#23 Z:\home\site.loc\public_html\index.php(13): CApplication->run()
#24 {main}
REQUEST_URI=/user
---
2013/06/01 03:09:15 [error] [exception.CHttpException.404] exception 'CHttpException' with message 'Невозможно обработать запрос "favicon.ico".' in Z:\home\site.loc\yii\web\CWebApplication.php:286
Stack trace:
#0 Z:\home\site.loc\yii\web\CWebApplication.php(141): CWebApplication->runController('favicon.ico')
#1 Z:\home\site.loc\yii\base\CApplication.php(169): CWebApplication->processRequest()
#2 Z:\home\site.loc\public_html\index.php(13): CApplication->run()
#3 {main}
REQUEST_URI=/favicon.ico
---
2013/06/03 18:37:27 [error] [exception.CHttpException.404] exception 'CHttpException' with message 'Невозможно обработать запрос "favicon.ico".' in Z:\home\site.loc\yii\web\CWebApplication.php:286
Stack trace:
#0 Z:\home\site.loc\yii\web\CWebApplication.php(141): CWebApplication->runController('favicon.ico')
#1 Z:\home\site.loc\yii\base\CApplication.php(169): CWebApplication->processRequest()
#2 Z:\home\site.loc\public_html\index.php(13): CApplication->run()
#3 {main}
REQUEST_URI=/favicon.ico
---
2013/06/07 11:09:16 [error] [exception.CHttpException.404] exception 'CHttpException' with message 'Невозможно обработать запрос "favicon.ico".' in Z:\home\site.loc\yii\web\CWebApplication.php:286
Stack trace:
#0 Z:\home\site.loc\yii\web\CWebApplication.php(141): CWebApplication->runController('favicon.ico')
#1 Z:\home\site.loc\yii\base\CApplication.php(169): CWebApplication->processRequest()
#2 Z:\home\site.loc\public_html\index.php(13): CApplication->run()
#3 {main}
REQUEST_URI=/favicon.ico
---
2013/06/07 11:09:55 [warning] [application] Не удалось присвоить небезопасный атрибут "verifyCode" класса "RegistrationForm".
in Z:\home\site.loc\public_html\protected\modules\user\controllers\RegistrationController.php (30)
in Z:\home\site.loc\public_html\index.php (13)
2013/06/07 11:09:58 [warning] [application] Не удалось присвоить небезопасный атрибут "verifyCode" класса "RegistrationForm".
in Z:\home\site.loc\public_html\protected\modules\user\controllers\RegistrationController.php (30)
in Z:\home\site.loc\public_html\index.php (13)
2013/06/07 11:10:15 [warning] [application] Не удалось присвоить небезопасный атрибут "verifyCode" класса "RegistrationForm".
in Z:\home\site.loc\public_html\protected\modules\user\controllers\RegistrationController.php (30)
in Z:\home\site.loc\public_html\index.php (13)
2013/06/07 11:10:20 [warning] [application] Не удалось присвоить небезопасный атрибут "verifyCode" класса "RegistrationForm".
in Z:\home\site.loc\public_html\protected\modules\user\controllers\RegistrationController.php (30)
in Z:\home\site.loc\public_html\index.php (13)
2013/06/07 11:10:21 [warning] [application] Не удалось присвоить небезопасный атрибут "verifyCode" класса "RegistrationForm".
in Z:\home\site.loc\public_html\protected\modules\user\controllers\RegistrationController.php (30)
in Z:\home\site.loc\public_html\index.php (13)
2013/06/07 12:42:00 [error] [exception.CHttpException.404] exception 'CHttpException' with message 'Невозможно обработать запрос "assets/9221a814/js/form.js".' in Z:\home\site.loc\yii\web\CWebApplication.php:286
Stack trace:
#0 Z:\home\site.loc\yii\web\CWebApplication.php(141): CWebApplication->runController('assets/9221a814...')
#1 Z:\home\site.loc\yii\base\CApplication.php(169): CWebApplication->processRequest()
#2 Z:\home\site.loc\public_html\index.php(13): CApplication->run()
#3 {main}
REQUEST_URI=/assets/9221a814/js/form.js
HTTP_REFERER=http://www.site.loc/user/profileField/update/id/2
---
2013/06/07 18:10:54 [error] [exception.CHttpException.404] exception 'CHttpException' with message 'Невозможно обработать запрос "favicon.ico".' in Z:\home\site.loc\yii\web\CWebApplication.php:286
Stack trace:
#0 Z:\home\site.loc\yii\web\CWebApplication.php(141): CWebApplication->runController('favicon.ico')
#1 Z:\home\site.loc\yii\base\CApplication.php(169): CWebApplication->processRequest()
#2 Z:\home\site.loc\public_html\index.php(13): CApplication->run()
#3 {main}
REQUEST_URI=/favicon.ico
---
2013/06/07 18:10:56 [error] [exception.CHttpException.404] exception 'CHttpException' with message 'Невозможно обработать запрос "favicon.ico".' in Z:\home\site.loc\yii\web\CWebApplication.php:286
Stack trace:
#0 Z:\home\site.loc\yii\web\CWebApplication.php(141): CWebApplication->runController('favicon.ico')
#1 Z:\home\site.loc\yii\base\CApplication.php(169): CWebApplication->processRequest()
#2 Z:\home\site.loc\public_html\index.php(13): CApplication->run()
#3 {main}
REQUEST_URI=/favicon.ico
---
2013/06/08 14:20:35 [error] [exception.CHttpException.404] exception 'CHttpException' with message 'Системе не удалось найти запрашиваемое действие "admin".' in Z:\home\site.loc\yii\web\CController.php:483
Stack trace:
#0 Z:\home\site.loc\yii\web\CController.php(270): CController->missingAction('admin')
#1 Z:\home\site.loc\yii\web\CWebApplication.php(282): CController->run('admin')
#2 Z:\home\site.loc\yii\web\CWebApplication.php(141): CWebApplication->runController('admin/post/admi...')
#3 Z:\home\site.loc\yii\base\CApplication.php(169): CWebApplication->processRequest()
#4 Z:\home\site.loc\public_html\index.php(13): CApplication->run()
#5 {main}
REQUEST_URI=/admin/post/admin
HTTP_REFERER=http://www.site.loc/admin/post/create
---
2013/06/08 15:09:31 [error] [exception.CHttpException.404] exception 'CHttpException' with message 'Системе не удалось найти запрашиваемое действие "view".' in Z:\home\site.loc\yii\web\CController.php:483
Stack trace:
#0 Z:\home\site.loc\yii\web\CController.php(270): CController->missingAction('view')
#1 Z:\home\site.loc\yii\web\CWebApplication.php(282): CController->run('view')
#2 Z:\home\site.loc\yii\web\CWebApplication.php(141): CWebApplication->runController('admin/post/view...')
#3 Z:\home\site.loc\yii\base\CApplication.php(169): CWebApplication->processRequest()
#4 Z:\home\site.loc\public_html\index.php(13): CApplication->run()
#5 {main}
REQUEST_URI=/admin/post/view/id/1
HTTP_REFERER=http://www.site.loc/admin/post/index
---
2013/06/08 15:11:08 [error] [exception.CException] exception 'CException' with message 'В классе TbActiveForm и его поведениях не найден метод или замыкание с именем "dropDownRow".' in Z:\home\site.loc\yii\base\CComponent.php:265
Stack trace:
#0 Z:\home\site.loc\public_html\protected\modules\admin\views\post\_form.php(16): CComponent->__call('dropDownRow', Array)
#1 Z:\home\site.loc\public_html\protected\modules\admin\views\post\_form.php(16): TbActiveForm->dropDownRow(Object(Post), 'status', Array)
#2 Z:\home\site.loc\yii\web\CBaseController.php(126): require('Z:\home\site.lo...')
#3 Z:\home\site.loc\public_html\protected\extensions\yii-debug-toolbar\components\YiiDebugViewRenderer.php(43): CBaseController->renderInternal('Z:\home\site.lo...', Array, true)
#4 Z:\home\site.loc\yii\web\CBaseController.php(93): YiiDebugViewRenderer->renderFile(Object(PostController), 'Z:\home\site.lo...', Array, true)
#5 Z:\home\site.loc\yii\web\CController.php(869): CBaseController->renderFile('Z:\home\site.lo...', Array, true)
#6 Z:\home\site.loc\public_html\protected\modules\admin\views\post\update.php(12): CController->renderPartial('_form', Array)
#7 Z:\home\site.loc\yii\web\CBaseController.php(126): require('Z:\home\site.lo...')
#8 Z:\home\site.loc\public_html\protected\extensions\yii-debug-toolbar\components\YiiDebugViewRenderer.php(43): CBaseController->renderInternal('Z:\home\site.lo...', Array, true)
#9 Z:\home\site.loc\yii\web\CBaseController.php(93): YiiDebugViewRenderer->renderFile(Object(PostController), 'Z:\home\site.lo...', Array, true)
#10 Z:\home\site.loc\yii\web\CController.php(869): CBaseController->renderFile('Z:\home\site.lo...', Array, true)
#11 Z:\home\site.loc\yii\web\CController.php(782): CController->renderPartial('update', Array, true)
#12 Z:\home\site.loc\public_html\protected\modules\admin\controllers\PostController.php(91): CController->render('update', Array)
#13 [internal function]: PostController->actionUpdate('1')
#14 Z:\home\site.loc\yii\web\actions\CAction.php(108): ReflectionMethod->invokeArgs(Object(PostController), Array)
#15 Z:\home\site.loc\yii\web\actions\CInlineAction.php(47): CAction->runWithParamsInternal(Object(PostController), Object(ReflectionMethod), Array)
#16 Z:\home\site.loc\yii\web\CController.php(308): CInlineAction->runWithParams(Array)
#17 Z:\home\site.loc\yii\web\filters\CFilterChain.php(133): CController->runAction(Object(CInlineAction))
#18 Z:\home\site.loc\yii\web\filters\CFilter.php(40): CFilterChain->run()
#19 Z:\home\site.loc\yii\web\CController.php(1145): CFilter->filter(Object(CFilterChain))
#20 Z:\home\site.loc\yii\web\filters\CInlineFilter.php(58): CController->filterAccessControl(Object(CFilterChain))
#21 Z:\home\site.loc\yii\web\filters\CFilterChain.php(130): CInlineFilter->filter(Object(CFilterChain))
#22 Z:\home\site.loc\yii\web\CController.php(291): CFilterChain->run()
#23 Z:\home\site.loc\yii\web\CController.php(265): CController->runActionWithFilters(Object(CInlineAction), Array)
#24 Z:\home\site.loc\yii\web\CWebApplication.php(282): CController->run('update')
#25 Z:\home\site.loc\yii\web\CWebApplication.php(141): CWebApplication->runController('admin/post/upda...')
#26 Z:\home\site.loc\yii\base\CApplication.php(169): CWebApplication->processRequest()
#27 Z:\home\site.loc\public_html\index.php(13): CApplication->run()
#28 {main}
REQUEST_URI=/admin/post/update/id/1
---
2013/06/08 15:11:19 [error] [exception.CException] exception 'CException' with message 'В классе TbActiveForm и его поведениях не найден метод или замыкание с именем "dropDownMenu".' in Z:\home\site.loc\yii\base\CComponent.php:265
Stack trace:
#0 Z:\home\site.loc\public_html\protected\modules\admin\views\post\_form.php(16): CComponent->__call('dropDownMenu', Array)
#1 Z:\home\site.loc\public_html\protected\modules\admin\views\post\_form.php(16): TbActiveForm->dropDownMenu(Object(Post), 'status', Array)
#2 Z:\home\site.loc\yii\web\CBaseController.php(126): require('Z:\home\site.lo...')
#3 Z:\home\site.loc\public_html\protected\extensions\yii-debug-toolbar\components\YiiDebugViewRenderer.php(43): CBaseController->renderInternal('Z:\home\site.lo...', Array, true)
#4 Z:\home\site.loc\yii\web\CBaseController.php(93): YiiDebugViewRenderer->renderFile(Object(PostController), 'Z:\home\site.lo...', Array, true)
#5 Z:\home\site.loc\yii\web\CController.php(869): CBaseController->renderFile('Z:\home\site.lo...', Array, true)
#6 Z:\home\site.loc\public_html\protected\modules\admin\views\post\update.php(12): CController->renderPartial('_form', Array)
#7 Z:\home\site.loc\yii\web\CBaseController.php(126): require('Z:\home\site.lo...')
#8 Z:\home\site.loc\public_html\protected\extensions\yii-debug-toolbar\components\YiiDebugViewRenderer.php(43): CBaseController->renderInternal('Z:\home\site.lo...', Array, true)
#9 Z:\home\site.loc\yii\web\CBaseController.php(93): YiiDebugViewRenderer->renderFile(Object(PostController), 'Z:\home\site.lo...', Array, true)
#10 Z:\home\site.loc\yii\web\CController.php(869): CBaseController->renderFile('Z:\home\site.lo...', Array, true)
#11 Z:\home\site.loc\yii\web\CController.php(782): CController->renderPartial('update', Array, true)
#12 Z:\home\site.loc\public_html\protected\modules\admin\controllers\PostController.php(91): CController->render('update', Array)
#13 [internal function]: PostController->actionUpdate('1')
#14 Z:\home\site.loc\yii\web\actions\CAction.php(108): ReflectionMethod->invokeArgs(Object(PostController), Array)
#15 Z:\home\site.loc\yii\web\actions\CInlineAction.php(47): CAction->runWithParamsInternal(Object(PostController), Object(ReflectionMethod), Array)
#16 Z:\home\site.loc\yii\web\CController.php(308): CInlineAction->runWithParams(Array)
#17 Z:\home\site.loc\yii\web\filters\CFilterChain.php(133): CController->runAction(Object(CInlineAction))
#18 Z:\home\site.loc\yii\web\filters\CFilter.php(40): CFilterChain->run()
#19 Z:\home\site.loc\yii\web\CController.php(1145): CFilter->filter(Object(CFilterChain))
#20 Z:\home\site.loc\yii\web\filters\CInlineFilter.php(58): CController->filterAccessControl(Object(CFilterChain))
#21 Z:\home\site.loc\yii\web\filters\CFilterChain.php(130): CInlineFilter->filter(Object(CFilterChain))
#22 Z:\home\site.loc\yii\web\CController.php(291): CFilterChain->run()
#23 Z:\home\site.loc\yii\web\CController.php(265): CController->runActionWithFilters(Object(CInlineAction), Array)
#24 Z:\home\site.loc\yii\web\CWebApplication.php(282): CController->run('update')
#25 Z:\home\site.loc\yii\web\CWebApplication.php(141): CWebApplication->runController('admin/post/upda...')
#26 Z:\home\site.loc\yii\base\CApplication.php(169): CWebApplication->processRequest()
#27 Z:\home\site.loc\public_html\index.php(13): CApplication->run()
#28 {main}
REQUEST_URI=/admin/post/update/id/1
---
2013/06/08 15:53:23 [error] [exception.CHttpException.404] exception 'CHttpException' with message 'Невозможно обработать запрос "assets/9221a814/js/form.js".' in Z:\home\site.loc\yii\web\CWebApplication.php:286
Stack trace:
#0 Z:\home\site.loc\yii\web\CWebApplication.php(141): CWebApplication->runController('assets/9221a814...')
#1 Z:\home\site.loc\yii\base\CApplication.php(169): CWebApplication->processRequest()
#2 Z:\home\site.loc\public_html\index.php(13): CApplication->run()
#3 {main}
REQUEST_URI=/assets/9221a814/js/form.js
HTTP_REFERER=http://www.site.loc/user/profileField/update/id/2
---
